# JRE version: Java(TM) SE Runtime Environment (24.0.1+9) (build 24.0.1+9-30)
# Java VM: Java HotSpot(TM) 64-Bit Server VM (24.0.1+9-30, mixed mode, sharing, tiered, compressed oops, compressed class ptrs, g1 gc, windows-amd64)
GC Precious Log:
 CardTable entry size: 512
 Card Set container configuration: InlinePtr #cards 4 size 8 Array Of Cards #cards 16 size 48 Howl #buckets 8 coarsen threshold 3686 Howl Bitmap #cards 512 size 80 coarsen threshold 460 Card regions per heap region 1 cards per card region 4096
 CPUs: 8 total, 8 available
 Memory: 16225M
 Large Page Support: Disabled
 NUMA Support: Disabled
 Compressed Oops: Enabled (Zero based)
 Heap Region Size: 2M
 Heap Min Capacity: 8M
 Heap Initial Capacity: 254M
 Heap Max Capacity: 4058M
 Pre-touch: Disabled
 Parallel Workers: 8
 Concurrent Workers: 2
 Concurrent Refinement Workers: 8
 Periodic GC: Disabled
Heap:
 garbage-first heap   total reserved 4155392K, committed 77824K, used 55244K [0x0000000702600000, 0x0000000800000000)
  region size 2048K, 20 young (40960K), 2 survivors (4096K)
 Metaspace       used 43391K, committed 43840K, reserved 1114112K
  class space    used 4566K, committed 4800K, reserved 1048576K
GC Heap History (10 events):
Event: 1.362 GC heap before
{Heap before GC invocations=0 (full 0):
 garbage-first heap   total reserved 4155392K, committed 262144K, used 50292K [0x0000000702600000, 0x0000000800000000)
  region size 2048K, 24 young (49152K), 0 survivors (0K)
 Metaspace       used 11548K, committed 11776K, reserved 1114112K
  class space    used 1288K, committed 1408K, reserved 1048576K
}
Event: 1.370 GC heap after
{Heap after GC invocations=1 (full 0):
 garbage-first heap   total reserved 4155392K, committed 262144K, used 10149K [0x0000000702600000, 0x0000000800000000)
  region size 2048K, 3 young (6144K), 3 survivors (6144K)
 Metaspace       used 11548K, committed 11776K, reserved 1114112K
  class space    used 1288K, committed 1408K, reserved 1048576K
}
Event: 2.010 GC heap before
{Heap before GC invocations=1 (full 0):
 garbage-first heap   total reserved 4155392K, committed 262144K, used 47013K [0x0000000702600000, 0x0000000800000000)
  region size 2048K, 22 young (45056K), 3 survivors (6144K)
 Metaspace       used 21265K, committed 21504K, reserved 1114112K
  class space    used 2144K, committed 2240K, reserved 1048576K
}
Event: 2.016 GC heap after
{Heap after GC invocations=2 (full 0):
 garbage-first heap   total reserved 4155392K, committed 262144K, used 14785K [0x0000000702600000, 0x0000000800000000)
  region size 2048K, 6 young (12288K), 6 survivors (12288K)
 Metaspace       used 21265K, committed 21504K, reserved 1114112K
  class space    used 2144K, committed 2240K, reserved 1048576K
}
Event: 3.227 GC heap before
{Heap before GC invocations=3 (full 0):
 garbage-first heap   total reserved 4155392K, committed 61440K, used 57793K [0x0000000702600000, 0x0000000800000000)
  region size 2048K, 27 young (55296K), 6 survivors (12288K)
 Metaspace       used 27163K, committed 27456K, reserved 1114112K
  class space    used 2754K, committed 2880K, reserved 1048576K
}
Event: 3.239 GC heap after
{Heap after GC invocations=4 (full 0):
 garbage-first heap   total reserved 4155392K, committed 77824K, used 18943K [0x0000000702600000, 0x0000000800000000)
  region size 2048K, 4 young (8192K), 4 survivors (8192K)
 Metaspace       used 27163K, committed 27456K, reserved 1114112K
  class space    used 2754K, committed 2880K, reserved 1048576K
}
Event: 3.975 GC heap before
{Heap before GC invocations=4 (full 0):
 garbage-first heap   total reserved 4155392K, committed 77824K, used 51711K [0x0000000702600000, 0x0000000800000000)
  region size 2048K, 20 young (40960K), 4 survivors (8192K)
 Metaspace       used 32913K, committed 33344K, reserved 1114112K
  class space    used 3400K, committed 3584K, reserved 1048576K
}
Event: 3.988 GC heap after
{Heap after GC invocations=5 (full 0):
 garbage-first heap   total reserved 4155392K, committed 77824K, used 21360K [0x0000000702600000, 0x0000000800000000)
  region size 2048K, 2 young (4096K), 2 survivors (4096K)
 Metaspace       used 32913K, committed 33344K, reserved 1114112K
  class space    used 3400K, committed 3584K, reserved 1048576K
}
Event: 4.362 GC heap before
{Heap before GC invocations=5 (full 0):
 garbage-first heap   total reserved 4155392K, committed 77824K, used 37744K [0x0000000702600000, 0x0000000800000000)
  region size 2048K, 11 young (22528K), 2 survivors (4096K)
 Metaspace       used 35688K, committed 35968K, reserved 1114112K
  class space    used 3716K, committed 3840K, reserved 1048576K
}
Event: 4.370 GC heap after
{Heap after GC invocations=6 (full 0):
 garbage-first heap   total reserved 4155392K, committed 77824K, used 22476K [0x0000000702600000, 0x0000000800000000)
  region size 2048K, 2 young (4096K), 2 survivors (4096K)
 Metaspace       used 35688K, committed 35968K, reserved 1114112K
  class space    used 3716K, committed 3840K, reserved 1048576K
}

