# JRE version: Java(TM) SE Runtime Environment (24.0.1+9) (build 24.0.1+9-30)
# Java VM: Java HotSpot(TM) 64-Bit Server VM (24.0.1+9-30, mixed mode, sharing, tiered, compressed oops, compressed class ptrs, g1 gc, windows-amd64)
GC Precious Log:
 CardTable entry size: 512
 Card Set container configuration: InlinePtr #cards 4 size 8 Array Of Cards #cards 16 size 48 Howl #buckets 8 coarsen threshold 3686 Howl Bitmap #cards 512 size 80 coarsen threshold 460 Card regions per heap region 1 cards per card region 4096
 CPUs: 8 total, 8 available
 Memory: 16225M
 Large Page Support: Disabled
 NUMA Support: Disabled
 Compressed Oops: Enabled (Zero based)
 Heap Region Size: 2M
 Heap Min Capacity: 8M
 Heap Initial Capacity: 254M
 Heap Max Capacity: 4058M
 Pre-touch: Disabled
 Parallel Workers: 8
 Concurrent Workers: 2
 Concurrent Refinement Workers: 8
 Periodic GC: Disabled
Heap:
 garbage-first heap   total reserved 4155392K, committed 94208K, used 55520K [0x0000000702600000, 0x0000000800000000)
  region size 2048K, 9 young (18432K), 3 survivors (6144K)
 Metaspace       used 89763K, committed 90496K, reserved 1179648K
  class space    used 9985K, committed 10304K, reserved 1048576K
GC Heap History (20 events):
Event: 3.983 GC heap before
{Heap before GC invocations=5 (full 0):
 garbage-first heap   total reserved 4155392K, committed 77824K, used 35648K [0x0000000702600000, 0x0000000800000000)
  region size 2048K, 10 young (20480K), 2 survivors (4096K)
 Metaspace       used 35670K, committed 35968K, reserved 1114112K
  class space    used 3712K, committed 3840K, reserved 1048576K
}
Event: 3.990 GC heap after
{Heap after GC invocations=6 (full 0):
 garbage-first heap   total reserved 4155392K, committed 77824K, used 22233K [0x0000000702600000, 0x0000000800000000)
  region size 2048K, 2 young (4096K), 2 survivors (4096K)
 Metaspace       used 35670K, committed 35968K, reserved 1114112K
  class space    used 3712K, committed 3840K, reserved 1048576K
}
Event: 4.942 GC heap before
{Heap before GC invocations=7 (full 0):
 garbage-first heap   total reserved 4155392K, committed 77824K, used 57049K [0x0000000702600000, 0x0000000800000000)
  region size 2048K, 20 young (40960K), 2 survivors (4096K)
 Metaspace       used 43654K, committed 44160K, reserved 1114112K
  class space    used 4589K, committed 4800K, reserved 1048576K
}
Event: 4.956 GC heap after
{Heap after GC invocations=8 (full 0):
 garbage-first heap   total reserved 4155392K, committed 77824K, used 25154K [0x0000000702600000, 0x0000000800000000)
  region size 2048K, 2 young (4096K), 2 survivors (4096K)
 Metaspace       used 43654K, committed 44160K, reserved 1114112K
  class space    used 4589K, committed 4800K, reserved 1048576K
}
Event: 6.596 GC heap before
{Heap before GC invocations=8 (full 0):
 garbage-first heap   total reserved 4155392K, committed 77824K, used 62018K [0x0000000702600000, 0x0000000800000000)
  region size 2048K, 20 young (40960K), 2 survivors (4096K)
 Metaspace       used 52695K, committed 53184K, reserved 1114112K
  class space    used 5406K, committed 5632K, reserved 1048576K
}
Event: 6.617 GC heap after
{Heap after GC invocations=9 (full 0):
 garbage-first heap   total reserved 4155392K, committed 77824K, used 28355K [0x0000000702600000, 0x0000000800000000)
  region size 2048K, 3 young (6144K), 3 survivors (6144K)
 Metaspace       used 52695K, committed 53184K, reserved 1114112K
  class space    used 5406K, committed 5632K, reserved 1048576K
}
Event: 8.080 GC heap before
{Heap before GC invocations=9 (full 0):
 garbage-first heap   total reserved 4155392K, committed 77824K, used 54979K [0x0000000702600000, 0x0000000800000000)
  region size 2048K, 18 young (36864K), 3 survivors (6144K)
 Metaspace       used 59844K, committed 60288K, reserved 1114112K
  class space    used 6257K, committed 6464K, reserved 1048576K
}
Event: 8.109 GC heap after
{Heap after GC invocations=10 (full 0):
 garbage-first heap   total reserved 4155392K, committed 94208K, used 29022K [0x0000000702600000, 0x0000000800000000)
  region size 2048K, 2 young (4096K), 2 survivors (4096K)
 Metaspace       used 59844K, committed 60288K, reserved 1114112K
  class space    used 6257K, committed 6464K, reserved 1048576K
}
Event: 11.262 GC heap before
{Heap before GC invocations=11 (full 0):
 garbage-first heap   total reserved 4155392K, committed 94208K, used 76126K [0x0000000702600000, 0x0000000800000000)
  region size 2048K, 25 young (51200K), 2 survivors (4096K)
 Metaspace       used 67244K, committed 67776K, reserved 1114112K
  class space    used 7134K, committed 7360K, reserved 1048576K
}
Event: 11.273 GC heap after
{Heap after GC invocations=12 (full 0):
 garbage-first heap   total reserved 4155392K, committed 94208K, used 32208K [0x0000000702600000, 0x0000000800000000)
  region size 2048K, 4 young (8192K), 4 survivors (8192K)
 Metaspace       used 67244K, committed 67776K, reserved 1114112K
  class space    used 7134K, committed 7360K, reserved 1048576K
}
Event: 12.484 GC heap before
{Heap before GC invocations=12 (full 0):
 garbage-first heap   total reserved 4155392K, committed 94208K, used 77264K [0x0000000702600000, 0x0000000800000000)
  region size 2048K, 26 young (53248K), 4 survivors (8192K)
 Metaspace       used 72132K, committed 72640K, reserved 1114112K
  class space    used 7882K, committed 8064K, reserved 1048576K
}
Event: 12.498 GC heap after
{Heap after GC invocations=13 (full 0):
 garbage-first heap   total reserved 4155392K, committed 94208K, used 34659K [0x0000000702600000, 0x0000000800000000)
  region size 2048K, 4 young (8192K), 4 survivors (8192K)
 Metaspace       used 72132K, committed 72640K, reserved 1114112K
  class space    used 7882K, committed 8064K, reserved 1048576K
}
Event: 13.371 GC heap before
{Heap before GC invocations=13 (full 0):
 garbage-first heap   total reserved 4155392K, committed 94208K, used 77667K [0x0000000702600000, 0x0000000800000000)
  region size 2048K, 25 young (51200K), 4 survivors (8192K)
 Metaspace       used 75616K, committed 76224K, reserved 1179648K
  class space    used 8474K, committed 8704K, reserved 1048576K
}
Event: 13.380 GC heap after
{Heap after GC invocations=14 (full 0):
 garbage-first heap   total reserved 4155392K, committed 94208K, used 37471K [0x0000000702600000, 0x0000000800000000)
  region size 2048K, 3 young (6144K), 3 survivors (6144K)
 Metaspace       used 75616K, committed 76224K, reserved 1179648K
  class space    used 8474K, committed 8704K, reserved 1048576K
}
Event: 14.510 GC heap before
{Heap before GC invocations=14 (full 0):
 garbage-first heap   total reserved 4155392K, committed 94208K, used 80479K [0x0000000702600000, 0x0000000800000000)
  region size 2048K, 24 young (49152K), 3 survivors (6144K)
 Metaspace       used 78728K, committed 79424K, reserved 1179648K
  class space    used 8829K, committed 9152K, reserved 1048576K
}
Event: 14.518 GC heap after
{Heap after GC invocations=15 (full 0):
 garbage-first heap   total reserved 4155392K, committed 94208K, used 40879K [0x0000000702600000, 0x0000000800000000)
  region size 2048K, 3 young (6144K), 3 survivors (6144K)
 Metaspace       used 78728K, committed 79424K, reserved 1179648K
  class space    used 8829K, committed 9152K, reserved 1048576K
}
Event: 324.313 GC heap before
{Heap before GC invocations=16 (full 0):
 garbage-first heap   total reserved 4155392K, committed 94208K, used 77743K [0x0000000702600000, 0x0000000800000000)
  region size 2048K, 22 young (45056K), 3 survivors (6144K)
 Metaspace       used 86145K, committed 86784K, reserved 1179648K
  class space    used 9725K, committed 9984K, reserved 1048576K
}
Event: 324.322 GC heap after
{Heap after GC invocations=17 (full 0):
 garbage-first heap   total reserved 4155392K, committed 94208K, used 43571K [0x0000000702600000, 0x0000000800000000)
  region size 2048K, 2 young (4096K), 2 survivors (4096K)
 Metaspace       used 86145K, committed 86784K, reserved 1179648K
  class space    used 9725K, committed 9984K, reserved 1048576K
}
Event: 2684.560 GC heap before
{Heap before GC invocations=17 (full 0):
 garbage-first heap   total reserved 4155392K, committed 94208K, used 82483K [0x0000000702600000, 0x0000000800000000)
  region size 2048K, 21 young (43008K), 2 survivors (4096K)
 Metaspace       used 89336K, committed 90048K, reserved 1179648K
  class space    used 9976K, committed 10240K, reserved 1048576K
}
Event: 2684.566 GC heap after
{Heap after GC invocations=18 (full 0):
 garbage-first heap   total reserved 4155392K, committed 94208K, used 45280K [0x0000000702600000, 0x0000000800000000)
  region size 2048K, 3 young (6144K), 3 survivors (6144K)
 Metaspace       used 89336K, committed 90048K, reserved 1179648K
  class space    used 9976K, committed 10240K, reserved 1048576K
}

